-- Found ament_cmake: 0.9.12 (/opt/ros/foxy/share/ament_cmake/cmake)
-- Using PYTHON_EXECUTABLE: /usr/bin/python3
-- Found ament_lint_auto: 0.9.8 (/opt/ros/foxy/share/ament_lint_auto/cmake)
-- Found rosidl_default_generators: 1.0.1 (/opt/ros/foxy/share/rosidl_default_generators/cmake)
-- Using all available rosidl_typesupport_c: rosidl_typesupport_fastrtps_c;rosidl_typesupport_introspection_c
-- Found rosidl_adapter: 1.3.1 (/opt/ros/foxy/share/rosidl_adapter/cmake)
-- Using all available rosidl_typesupport_cpp: rosidl_typesupport_fastrtps_cpp;rosidl_typesupport_introspection_cpp
-- Found PythonInterp: /usr/bin/python3 (found version "3.8.10") 
-- Found ament_cmake_ros: 0.9.2 (/opt/ros/foxy/share/ament_cmake_ros/cmake)
-- Using all available rosidl_typesupport_c: rosidl_typesupport_fastrtps_c;rosidl_typesupport_introspection_c
-- Using all available rosidl_typesupport_cpp: rosidl_typesupport_fastrtps_cpp;rosidl_typesupport_introspection_cpp
-- Found PythonInterp: /usr/bin/python3 (found suitable version "3.8.10", minimum required is "3.5") 
-- Found python_cmake_module: 0.8.1 (/opt/ros/foxy/share/python_cmake_module/cmake)
-- Found PythonLibs: /usr/lib/aarch64-linux-gnu/libpython3.8.so (found suitable version "3.8.10", minimum required is "3.5") 
-- Using PYTHON_EXECUTABLE: /usr/bin/python3
-- Using PYTHON_INCLUDE_DIRS: /usr/include/python3.8
-- Using PYTHON_LIBRARIES: /usr/lib/aarch64-linux-gnu/libpython3.8.so
-- Found PythonExtra: .so  
-- Added test 'copyright' to check source files copyright and LICENSE
-- Added test 'lint_cmake' to check CMake code style
-- Added test 'xmllint' to check XML markup files
-- Configuring done
-- Generating done
-- Build files have been written to: /home/daniiarr/ros2_ws/build/fleet_management_system
[35m[1mScanning dependencies of target fleet_management_system__cpp[0m
[  3%] [34m[1mGenerating C code for ROS interfaces[0m
[  6%] [34m[1mGenerating C++ code for ROS interfaces[0m
[  6%] Built target fleet_management_system__cpp
[35m[1mScanning dependencies of target fleet_management_system__rosidl_generator_c[0m
[  9%] [34m[1mGenerating C++ type support for eProsima Fast-RTPS[0m
[ 12%] [34m[1mGenerating C++ type support dispatch for ROS interfaces[0m
[ 16%] [34m[1mGenerating C++ introspection for ROS interfaces[0m
[ 19%] [32mBuilding C object CMakeFiles/fleet_management_system__rosidl_generator_c.dir/rosidl_generator_c/fleet_management_system/action/detail/fleet_management__functions.c.o[0m
[ 22%] [32m[1mLinking C shared library libfleet_management_system__rosidl_generator_c.so[0m
[ 22%] Built target fleet_management_system__rosidl_generator_c
[ 25%] [34m[1mGenerating C type support dispatch for ROS interfaces[0m
[35m[1mScanning dependencies of target fleet_management_system__rosidl_typesupport_cpp[0m
[ 29%] [32mBuilding CXX object CMakeFiles/fleet_management_system__rosidl_typesupport_cpp.dir/rosidl_typesupport_cpp/fleet_management_system/action/fleet_management__type_support.cpp.o[0m
[35m[1mScanning dependencies of target fleet_management_system__rosidl_typesupport_introspection_cpp[0m
[ 32%] [32mBuilding CXX object CMakeFiles/fleet_management_system__rosidl_typesupport_introspection_cpp.dir/rosidl_typesupport_introspection_cpp/fleet_management_system/action/detail/fleet_management__type_support.cpp.o[0m
[35m[1mScanning dependencies of target fleet_management_system__rosidl_typesupport_fastrtps_cpp[0m
[ 35%] [32mBuilding CXX object CMakeFiles/fleet_management_system__rosidl_typesupport_fastrtps_cpp.dir/rosidl_typesupport_fastrtps_cpp/fleet_management_system/action/detail/dds_fastrtps/fleet_management__type_support.cpp.o[0m
[35m[1mScanning dependencies of target fleet_management_system__rosidl_typesupport_c[0m
[ 38%] [32mBuilding CXX object CMakeFiles/fleet_management_system__rosidl_typesupport_c.dir/rosidl_typesupport_c/fleet_management_system/action/fleet_management__type_support.cpp.o[0m
[ 41%] [32m[1mLinking CXX shared library libfleet_management_system__rosidl_typesupport_c.so[0m
[ 41%] Built target fleet_management_system__rosidl_typesupport_c
[ 45%] [34m[1mGenerating C introspection for ROS interfaces[0m
[ 48%] [32m[1mLinking CXX shared library libfleet_management_system__rosidl_typesupport_cpp.so[0m
[ 48%] Built target fleet_management_system__rosidl_typesupport_cpp
[ 51%] [32m[1mLinking CXX shared library libfleet_management_system__rosidl_typesupport_introspection_cpp.so[0m
[ 51%] Built target fleet_management_system__rosidl_typesupport_introspection_cpp
[ 54%] [32m[1mLinking CXX shared library libfleet_management_system__rosidl_typesupport_fastrtps_cpp.so[0m
[ 54%] Built target fleet_management_system__rosidl_typesupport_fastrtps_cpp
[ 58%] [34m[1mGenerating C type support for eProsima Fast-RTPS[0m
[35m[1mScanning dependencies of target fleet_management_system__rosidl_typesupport_introspection_c[0m
[ 61%] [32mBuilding C object CMakeFiles/fleet_management_system__rosidl_typesupport_introspection_c.dir/rosidl_typesupport_introspection_c/fleet_management_system/action/detail/fleet_management__type_support.c.o[0m
[ 64%] [32m[1mLinking C shared library libfleet_management_system__rosidl_typesupport_introspection_c.so[0m
[ 64%] Built target fleet_management_system__rosidl_typesupport_introspection_c
[35m[1mScanning dependencies of target fleet_management_system__rosidl_typesupport_fastrtps_c[0m
[ 67%] [32mBuilding CXX object CMakeFiles/fleet_management_system__rosidl_typesupport_fastrtps_c.dir/rosidl_typesupport_fastrtps_c/fleet_management_system/action/detail/fleet_management__type_support_c.cpp.o[0m
[ 70%] [32m[1mLinking CXX shared library libfleet_management_system__rosidl_typesupport_fastrtps_c.so[0m
[ 70%] Built target fleet_management_system__rosidl_typesupport_fastrtps_c
[35m[1mScanning dependencies of target fleet_management_system[0m
[ 70%] Built target fleet_management_system
[35m[1mScanning dependencies of target fleet_management_system__py[0m
[ 74%] [34m[1mGenerating Python code for ROS interfaces[0m
[ 74%] Built target fleet_management_system__py
[35m[1mScanning dependencies of target fleet_management_system__python[0m
[ 77%] [32mBuilding C object CMakeFiles/fleet_management_system__python.dir/rosidl_generator_py/fleet_management_system/action/_fleet_management_s.c.o[0m
[ 80%] [32m[1mLinking C shared library rosidl_generator_py/fleet_management_system/libfleet_management_system__python.so[0m
[ 80%] Built target fleet_management_system__python
[35m[1mScanning dependencies of target fleet_management_system__rosidl_typesupport_c__pyext[0m
[35m[1mScanning dependencies of target fleet_management_system__rosidl_typesupport_introspection_c__pyext[0m
[35m[1mScanning dependencies of target fleet_management_system__rosidl_typesupport_fastrtps_c__pyext[0m
[ 83%] [32mBuilding C object CMakeFiles/fleet_management_system__rosidl_typesupport_c__pyext.dir/rosidl_generator_py/fleet_management_system/_fleet_management_system_s.ep.rosidl_typesupport_c.c.o[0m
[ 90%] [32mBuilding C object CMakeFiles/fleet_management_system__rosidl_typesupport_fastrtps_c__pyext.dir/rosidl_generator_py/fleet_management_system/_fleet_management_system_s.ep.rosidl_typesupport_fastrtps_c.c.o[0m
[ 90%] [32mBuilding C object CMakeFiles/fleet_management_system__rosidl_typesupport_introspection_c__pyext.dir/rosidl_generator_py/fleet_management_system/_fleet_management_system_s.ep.rosidl_typesupport_introspection_c.c.o[0m
[ 96%] [32m[1mLinking C shared library rosidl_generator_py/fleet_management_system/fleet_management_system_s__rosidl_typesupport_introspection_c.cpython-38-aarch64-linux-gnu.so[0m
[ 96%] [32m[1mLinking C shared library rosidl_generator_py/fleet_management_system/fleet_management_system_s__rosidl_typesupport_c.cpython-38-aarch64-linux-gnu.so[0m
[100%] [32m[1mLinking CXX shared library rosidl_generator_py/fleet_management_system/fleet_management_system_s__rosidl_typesupport_fastrtps_c.cpython-38-aarch64-linux-gnu.so[0m
[100%] Built target fleet_management_system__rosidl_typesupport_introspection_c__pyext
[100%] Built target fleet_management_system__rosidl_typesupport_c__pyext
[100%] Built target fleet_management_system__rosidl_typesupport_fastrtps_c__pyext
-- Install configuration: ""
-- Installing: /home/daniiarr/ros2_ws/install/fleet_management_system/share/ament_index/resource_index/rosidl_interfaces/fleet_management_system
-- Installing: /home/daniiarr/ros2_ws/install/fleet_management_system/include/fleet_management_system
-- Installing: /home/daniiarr/ros2_ws/install/fleet_management_system/include/fleet_management_system/action
-- Installing: /home/daniiarr/ros2_ws/install/fleet_management_system/include/fleet_management_system/action/fleet_management.h
-- Installing: /home/daniiarr/ros2_ws/install/fleet_management_system/include/fleet_management_system/action/detail
-- Installing: /home/daniiarr/ros2_ws/install/fleet_management_system/include/fleet_management_system/action/detail/fleet_management__type_support.h
-- Installing: /home/daniiarr/ros2_ws/install/fleet_management_system/include/fleet_management_system/action/detail/fleet_management__struct.h
-- Installing: /home/daniiarr/ros2_ws/install/fleet_management_system/include/fleet_management_system/action/detail/fleet_management__functions.c
-- Installing: /home/daniiarr/ros2_ws/install/fleet_management_system/include/fleet_management_system/action/detail/fleet_management__functions.h
-- Installing: /home/daniiarr/ros2_ws/install/fleet_management_system/include/fleet_management_system/msg
-- Installing: /home/daniiarr/ros2_ws/install/fleet_management_system/include/fleet_management_system/msg/rosidl_generator_c__visibility_control.h
-- Installing: /home/daniiarr/ros2_ws/install/fleet_management_system/share/fleet_management_system/environment/library_path.sh
-- Installing: /home/daniiarr/ros2_ws/install/fleet_management_system/share/fleet_management_system/environment/library_path.dsv
-- Installing: /home/daniiarr/ros2_ws/install/fleet_management_system/lib/libfleet_management_system__rosidl_generator_c.so
-- Set runtime path of "/home/daniiarr/ros2_ws/install/fleet_management_system/lib/libfleet_management_system__rosidl_generator_c.so" to ""
-- Up-to-date: /home/daniiarr/ros2_ws/install/fleet_management_system/include/fleet_management_system
-- Up-to-date: /home/daniiarr/ros2_ws/install/fleet_management_system/include/fleet_management_system/action
-- Up-to-date: /home/daniiarr/ros2_ws/install/fleet_management_system/include/fleet_management_system/action/detail
-- Installing: /home/daniiarr/ros2_ws/install/fleet_management_system/include/fleet_management_system/action/detail/fleet_management__rosidl_typesupport_fastrtps_c.h
-- Up-to-date: /home/daniiarr/ros2_ws/install/fleet_management_system/include/fleet_management_system/msg
-- Installing: /home/daniiarr/ros2_ws/install/fleet_management_system/include/fleet_management_system/msg/rosidl_typesupport_fastrtps_c__visibility_control.h
-- Installing: /home/daniiarr/ros2_ws/install/fleet_management_system/lib/libfleet_management_system__rosidl_typesupport_fastrtps_c.so
-- Set runtime path of "/home/daniiarr/ros2_ws/install/fleet_management_system/lib/libfleet_management_system__rosidl_typesupport_fastrtps_c.so" to ""
-- Up-to-date: /home/daniiarr/ros2_ws/install/fleet_management_system/include/fleet_management_system
-- Up-to-date: /home/daniiarr/ros2_ws/install/fleet_management_system/include/fleet_management_system/action
-- Up-to-date: /home/daniiarr/ros2_ws/install/fleet_management_system/include/fleet_management_system/action/detail
-- Installing: /home/daniiarr/ros2_ws/install/fleet_management_system/include/fleet_management_system/action/detail/dds_fastrtps
-- Installing: /home/daniiarr/ros2_ws/install/fleet_management_system/include/fleet_management_system/action/detail/fleet_management__rosidl_typesupport_fastrtps_cpp.hpp
-- Up-to-date: /home/daniiarr/ros2_ws/install/fleet_management_system/include/fleet_management_system/msg
-- Installing: /home/daniiarr/ros2_ws/install/fleet_management_system/include/fleet_management_system/msg/rosidl_typesupport_fastrtps_cpp__visibility_control.h
-- Installing: /home/daniiarr/ros2_ws/install/fleet_management_system/lib/libfleet_management_system__rosidl_typesupport_fastrtps_cpp.so
-- Set runtime path of "/home/daniiarr/ros2_ws/install/fleet_management_system/lib/libfleet_management_system__rosidl_typesupport_fastrtps_cpp.so" to ""
-- Up-to-date: /home/daniiarr/ros2_ws/install/fleet_management_system/include/fleet_management_system
-- Up-to-date: /home/daniiarr/ros2_ws/install/fleet_management_system/include/fleet_management_system/action
-- Up-to-date: /home/daniiarr/ros2_ws/install/fleet_management_system/include/fleet_management_system/action/detail
-- Installing: /home/daniiarr/ros2_ws/install/fleet_management_system/include/fleet_management_system/action/detail/fleet_management__rosidl_typesupport_introspection_c.h
-- Installing: /home/daniiarr/ros2_ws/install/fleet_management_system/include/fleet_management_system/action/detail/fleet_management__type_support.c
-- Up-to-date: /home/daniiarr/ros2_ws/install/fleet_management_system/include/fleet_management_system/msg
-- Installing: /home/daniiarr/ros2_ws/install/fleet_management_system/include/fleet_management_system/msg/rosidl_typesupport_introspection_c__visibility_control.h
-- Installing: /home/daniiarr/ros2_ws/install/fleet_management_system/lib/libfleet_management_system__rosidl_typesupport_introspection_c.so
-- Set runtime path of "/home/daniiarr/ros2_ws/install/fleet_management_system/lib/libfleet_management_system__rosidl_typesupport_introspection_c.so" to ""
-- Installing: /home/daniiarr/ros2_ws/install/fleet_management_system/lib/libfleet_management_system__rosidl_typesupport_c.so
-- Set runtime path of "/home/daniiarr/ros2_ws/install/fleet_management_system/lib/libfleet_management_system__rosidl_typesupport_c.so" to ""
-- Up-to-date: /home/daniiarr/ros2_ws/install/fleet_management_system/include/fleet_management_system
-- Up-to-date: /home/daniiarr/ros2_ws/install/fleet_management_system/include/fleet_management_system/action
-- Up-to-date: /home/daniiarr/ros2_ws/install/fleet_management_system/include/fleet_management_system/action/detail
-- Installing: /home/daniiarr/ros2_ws/install/fleet_management_system/include/fleet_management_system/action/detail/fleet_management__builder.hpp
-- Installing: /home/daniiarr/ros2_ws/install/fleet_management_system/include/fleet_management_system/action/detail/fleet_management__type_support.hpp
-- Installing: /home/daniiarr/ros2_ws/install/fleet_management_system/include/fleet_management_system/action/detail/fleet_management__traits.hpp
-- Installing: /home/daniiarr/ros2_ws/install/fleet_management_system/include/fleet_management_system/action/detail/fleet_management__struct.hpp
-- Installing: /home/daniiarr/ros2_ws/install/fleet_management_system/include/fleet_management_system/action/fleet_management.hpp
-- Up-to-date: /home/daniiarr/ros2_ws/install/fleet_management_system/include/fleet_management_system/msg
-- Installing: /home/daniiarr/ros2_ws/install/fleet_management_system/include/fleet_management_system/msg/rosidl_generator_cpp__visibility_control.hpp
-- Up-to-date: /home/daniiarr/ros2_ws/install/fleet_management_system/include/fleet_management_system
-- Up-to-date: /home/daniiarr/ros2_ws/install/fleet_management_system/include/fleet_management_system/action
-- Up-to-date: /home/daniiarr/ros2_ws/install/fleet_management_system/include/fleet_management_system/action/detail
-- Installing: /home/daniiarr/ros2_ws/install/fleet_management_system/include/fleet_management_system/action/detail/fleet_management__type_support.cpp
-- Installing: /home/daniiarr/ros2_ws/install/fleet_management_system/include/fleet_management_system/action/detail/fleet_management__rosidl_typesupport_introspection_cpp.hpp
-- Installing: /home/daniiarr/ros2_ws/install/fleet_management_system/lib/libfleet_management_system__rosidl_typesupport_introspection_cpp.so
-- Set runtime path of "/home/daniiarr/ros2_ws/install/fleet_management_system/lib/libfleet_management_system__rosidl_typesupport_introspection_cpp.so" to ""
-- Installing: /home/daniiarr/ros2_ws/install/fleet_management_system/lib/libfleet_management_system__rosidl_typesupport_cpp.so
-- Set runtime path of "/home/daniiarr/ros2_ws/install/fleet_management_system/lib/libfleet_management_system__rosidl_typesupport_cpp.so" to ""
-- Installing: /home/daniiarr/ros2_ws/install/fleet_management_system/share/fleet_management_system/environment/pythonpath.sh
-- Installing: /home/daniiarr/ros2_ws/install/fleet_management_system/share/fleet_management_system/environment/pythonpath.dsv
-- Installing: /home/daniiarr/ros2_ws/install/fleet_management_system/lib/python3.8/site-packages/fleet_management_system/__init__.py
Compiling '/home/daniiarr/ros2_ws/install/fleet_management_system/lib/python3.8/site-packages/fleet_management_system/__init__.py'...
-- Installing: /home/daniiarr/ros2_ws/install/fleet_management_system/lib/python3.8/site-packages/fleet_management_system/action
-- Installing: /home/daniiarr/ros2_ws/install/fleet_management_system/lib/python3.8/site-packages/fleet_management_system/action/_fleet_management.py
-- Installing: /home/daniiarr/ros2_ws/install/fleet_management_system/lib/python3.8/site-packages/fleet_management_system/action/__init__.py
-- Installing: /home/daniiarr/ros2_ws/install/fleet_management_system/lib/python3.8/site-packages/fleet_management_system/action/_fleet_management_s.c
-- Installing: /home/daniiarr/ros2_ws/install/fleet_management_system/lib/python3.8/site-packages/fleet_management_system/fleet_management_system_s__rosidl_typesupport_fastrtps_c.cpython-38-aarch64-linux-gnu.so
-- Set runtime path of "/home/daniiarr/ros2_ws/install/fleet_management_system/lib/python3.8/site-packages/fleet_management_system/fleet_management_system_s__rosidl_typesupport_fastrtps_c.cpython-38-aarch64-linux-gnu.so" to ""
-- Installing: /home/daniiarr/ros2_ws/install/fleet_management_system/lib/python3.8/site-packages/fleet_management_system/fleet_management_system_s__rosidl_typesupport_introspection_c.cpython-38-aarch64-linux-gnu.so
-- Set runtime path of "/home/daniiarr/ros2_ws/install/fleet_management_system/lib/python3.8/site-packages/fleet_management_system/fleet_management_system_s__rosidl_typesupport_introspection_c.cpython-38-aarch64-linux-gnu.so" to ""
-- Installing: /home/daniiarr/ros2_ws/install/fleet_management_system/lib/python3.8/site-packages/fleet_management_system/fleet_management_system_s__rosidl_typesupport_c.cpython-38-aarch64-linux-gnu.so
-- Set runtime path of "/home/daniiarr/ros2_ws/install/fleet_management_system/lib/python3.8/site-packages/fleet_management_system/fleet_management_system_s__rosidl_typesupport_c.cpython-38-aarch64-linux-gnu.so" to ""
-- Installing: /home/daniiarr/ros2_ws/install/fleet_management_system/lib/libfleet_management_system__python.so
-- Set runtime path of "/home/daniiarr/ros2_ws/install/fleet_management_system/lib/libfleet_management_system__python.so" to ""
-- Installing: /home/daniiarr/ros2_ws/install/fleet_management_system/share/fleet_management_system/action/FleetManagement.idl
-- Installing: /home/daniiarr/ros2_ws/install/fleet_management_system/share/fleet_management_system/action/FleetManagement.action
-- Installing: /home/daniiarr/ros2_ws/install/fleet_management_system/share/ament_index/resource_index/package_run_dependencies/fleet_management_system
-- Installing: /home/daniiarr/ros2_ws/install/fleet_management_system/share/ament_index/resource_index/parent_prefix_path/fleet_management_system
-- Up-to-date: /home/daniiarr/ros2_ws/install/fleet_management_system/share/fleet_management_system/environment/ament_prefix_path.sh
-- Installing: /home/daniiarr/ros2_ws/install/fleet_management_system/share/fleet_management_system/environment/ament_prefix_path.dsv
-- Up-to-date: /home/daniiarr/ros2_ws/install/fleet_management_system/share/fleet_management_system/environment/path.sh
-- Installing: /home/daniiarr/ros2_ws/install/fleet_management_system/share/fleet_management_system/environment/path.dsv
-- Up-to-date: /home/daniiarr/ros2_ws/install/fleet_management_system/share/fleet_management_system/local_setup.bash
-- Installing: /home/daniiarr/ros2_ws/install/fleet_management_system/share/fleet_management_system/local_setup.sh
-- Up-to-date: /home/daniiarr/ros2_ws/install/fleet_management_system/share/fleet_management_system/local_setup.zsh
-- Installing: /home/daniiarr/ros2_ws/install/fleet_management_system/share/fleet_management_system/local_setup.dsv
-- Installing: /home/daniiarr/ros2_ws/install/fleet_management_system/share/fleet_management_system/package.dsv
-- Up-to-date: /home/daniiarr/ros2_ws/install/fleet_management_system/share/ament_index/resource_index/packages/fleet_management_system
-- Installing: /home/daniiarr/ros2_ws/install/fleet_management_system/share/fleet_management_system/cmake/fleet_management_system__rosidl_generator_cExport.cmake
-- Installing: /home/daniiarr/ros2_ws/install/fleet_management_system/share/fleet_management_system/cmake/fleet_management_system__rosidl_generator_cExport-noconfig.cmake
-- Installing: /home/daniiarr/ros2_ws/install/fleet_management_system/share/fleet_management_system/cmake/fleet_management_system__rosidl_typesupport_introspection_cExport.cmake
-- Installing: /home/daniiarr/ros2_ws/install/fleet_management_system/share/fleet_management_system/cmake/fleet_management_system__rosidl_typesupport_introspection_cExport-noconfig.cmake
-- Installing: /home/daniiarr/ros2_ws/install/fleet_management_system/share/fleet_management_system/cmake/fleet_management_system__rosidl_typesupport_cExport.cmake
-- Installing: /home/daniiarr/ros2_ws/install/fleet_management_system/share/fleet_management_system/cmake/fleet_management_system__rosidl_typesupport_cExport-noconfig.cmake
-- Installing: /home/daniiarr/ros2_ws/install/fleet_management_system/share/fleet_management_system/cmake/fleet_management_system__rosidl_generator_cppExport.cmake
-- Installing: /home/daniiarr/ros2_ws/install/fleet_management_system/share/fleet_management_system/cmake/fleet_management_system__rosidl_typesupport_introspection_cppExport.cmake
-- Installing: /home/daniiarr/ros2_ws/install/fleet_management_system/share/fleet_management_system/cmake/fleet_management_system__rosidl_typesupport_introspection_cppExport-noconfig.cmake
-- Installing: /home/daniiarr/ros2_ws/install/fleet_management_system/share/fleet_management_system/cmake/fleet_management_system__rosidl_typesupport_cppExport.cmake
-- Installing: /home/daniiarr/ros2_ws/install/fleet_management_system/share/fleet_management_system/cmake/fleet_management_system__rosidl_typesupport_cppExport-noconfig.cmake
-- Installing: /home/daniiarr/ros2_ws/install/fleet_management_system/share/fleet_management_system/cmake/rosidl_cmake-extras.cmake
-- Installing: /home/daniiarr/ros2_ws/install/fleet_management_system/share/fleet_management_system/cmake/ament_cmake_export_dependencies-extras.cmake
-- Installing: /home/daniiarr/ros2_ws/install/fleet_management_system/share/fleet_management_system/cmake/ament_cmake_export_libraries-extras.cmake
-- Installing: /home/daniiarr/ros2_ws/install/fleet_management_system/share/fleet_management_system/cmake/ament_cmake_export_targets-extras.cmake
-- Installing: /home/daniiarr/ros2_ws/install/fleet_management_system/share/fleet_management_system/cmake/ament_cmake_export_include_directories-extras.cmake
-- Installing: /home/daniiarr/ros2_ws/install/fleet_management_system/share/fleet_management_system/cmake/rosidl_cmake_export_typesupport_libraries-extras.cmake
-- Installing: /home/daniiarr/ros2_ws/install/fleet_management_system/share/fleet_management_system/cmake/rosidl_cmake_export_typesupport_targets-extras.cmake
-- Installing: /home/daniiarr/ros2_ws/install/fleet_management_system/share/fleet_management_system/cmake/fleet_management_systemConfig.cmake
-- Up-to-date: /home/daniiarr/ros2_ws/install/fleet_management_system/share/fleet_management_system/cmake/fleet_management_systemConfig-version.cmake
-- Installing: /home/daniiarr/ros2_ws/install/fleet_management_system/share/fleet_management_system/package.xml
