[0.011s] Invoking command in '/home/daniiarr/ros2_ws/build/fleet_management_system': CMAKE_PREFIX_PATH=${CMAKE_PREFIX_PATH}:/opt/ros/foxy /usr/bin/cmake --build /home/daniiarr/ros2_ws/build/fleet_management_system -- -j4 -l4
[0.031s] -- Found ament_cmake: 0.9.12 (/opt/ros/foxy/share/ament_cmake/cmake)
[0.044s] -- Using PYTHON_EXECUTABLE: /usr/bin/python3
[0.146s] -- Found ament_lint_auto: 0.9.8 (/opt/ros/foxy/share/ament_lint_auto/cmake)
[0.177s] -- Found rosidl_default_generators: 1.0.1 (/opt/ros/foxy/share/rosidl_default_generators/cmake)
[0.178s] -- Using all available rosidl_typesupport_c: rosidl_typesupport_fastrtps_c;rosidl_typesupport_introspection_c
[0.181s] -- Found rosidl_adapter: 1.3.1 (/opt/ros/foxy/share/rosidl_adapter/cmake)
[0.272s] -- Using all available rosidl_typesupport_cpp: rosidl_typesupport_fastrtps_cpp;rosidl_typesupport_introspection_cpp
[0.287s] CMake Error at /opt/ros/foxy/share/rosidl_cmake/cmake/rosidl_generate_interfaces.cmake:93 (message):
[0.287s]   rosidl_generate_interfaces() the passed file
[0.287s]   'action/FleetManagement.action' doesn't exist relative to the
[0.287s]   CMAKE_CURRENT_SOURCE_DIR
[0.287s]   '/home/daniiarr/ros2_ws/src/fleet_management_system'
[0.287s] Call Stack (most recent call first):
[0.287s]   CMakeLists.txt:37 (rosidl_generate_interfaces)
[0.287s] 
[0.287s] 
[0.287s] -- Configuring incomplete, errors occurred!
[0.287s] See also "/home/daniiarr/ros2_ws/build/fleet_management_system/CMakeFiles/CMakeOutput.log".
[0.290s] make: *** [Makefile:222: cmake_check_build_system] Error 1
[0.293s] Invoked command in '/home/daniiarr/ros2_ws/build/fleet_management_system' returned '2': CMAKE_PREFIX_PATH=${CMAKE_PREFIX_PATH}:/opt/ros/foxy /usr/bin/cmake --build /home/daniiarr/ros2_ws/build/fleet_management_system -- -j4 -l4
