[0.007s] Invoking command in '/home/daniiarr/ros2_ws/build/fleet_management_system': CMAKE_PREFIX_PATH=/opt/ros/foxy /usr/bin/cmake /home/daniiarr/ros2_ws/src/fleet_management_system -DCMAKE_INSTALL_PREFIX=/home/daniiarr/ros2_ws/install/fleet_management_system
[0.188s] -- The C compiler identification is GNU 9.4.0
[0.280s] -- The CXX compiler identification is GNU 9.4.0
[0.288s] -- Check for working C compiler: /usr/bin/cc
[0.333s] -- Check for working C compiler: /usr/bin/cc -- works
[0.334s] -- Detecting C compiler ABI info
[0.373s] -- Detecting C compiler ABI info - done
[0.380s] -- Detecting C compile features
[0.380s] -- Detecting C compile features - done
[0.383s] -- Check for working CXX compiler: /usr/bin/c++
[0.425s] -- Check for working CXX compiler: /usr/bin/c++ -- works
[0.425s] -- Detecting CXX compiler ABI info
[0.468s] -- Detecting CXX compiler ABI info - done
[0.476s] -- Detecting CXX compile features
[0.476s] -- Detecting CXX compile features - done
[0.483s] -- Found ament_cmake: 0.9.12 (/opt/ros/foxy/share/ament_cmake/cmake)
[0.501s] -- Found PythonInterp: /usr/bin/python3 (found suitable version "3.8.10", minimum required is "3") 
[0.501s] -- Using PYTHON_EXECUTABLE: /usr/bin/python3
[0.619s] -- Found ament_lint_auto: 0.9.8 (/opt/ros/foxy/share/ament_lint_auto/cmake)
[0.668s] -- Added test 'copyright' to check source files copyright and LICENSE
[0.670s] -- Added test 'lint_cmake' to check CMake code style
[0.671s] -- Added test 'xmllint' to check XML markup files
[0.673s] -- Configuring done
[0.674s] -- Generating done
[0.675s] -- Build files have been written to: /home/daniiarr/ros2_ws/build/fleet_management_system
[0.679s] Invoked command in '/home/daniiarr/ros2_ws/build/fleet_management_system' returned '0': CMAKE_PREFIX_PATH=/opt/ros/foxy /usr/bin/cmake /home/daniiarr/ros2_ws/src/fleet_management_system -DCMAKE_INSTALL_PREFIX=/home/daniiarr/ros2_ws/install/fleet_management_system
[0.679s] Invoking command in '/home/daniiarr/ros2_ws/build/fleet_management_system': CMAKE_PREFIX_PATH=/opt/ros/foxy /usr/bin/cmake --build /home/daniiarr/ros2_ws/build/fleet_management_system -- -j4 -l4
[0.700s] Invoked command in '/home/daniiarr/ros2_ws/build/fleet_management_system' returned '0': CMAKE_PREFIX_PATH=/opt/ros/foxy /usr/bin/cmake --build /home/daniiarr/ros2_ws/build/fleet_management_system -- -j4 -l4
[0.718s] Invoking command in '/home/daniiarr/ros2_ws/build/fleet_management_system': CMAKE_PREFIX_PATH=/opt/ros/foxy /usr/bin/cmake --install /home/daniiarr/ros2_ws/build/fleet_management_system
[0.723s] -- Install configuration: ""
[0.723s] -- Installing: /home/daniiarr/ros2_ws/install/fleet_management_system/share/ament_index/resource_index/package_run_dependencies/fleet_management_system
[0.724s] -- Installing: /home/daniiarr/ros2_ws/install/fleet_management_system/share/ament_index/resource_index/parent_prefix_path/fleet_management_system
[0.724s] -- Installing: /home/daniiarr/ros2_ws/install/fleet_management_system/share/fleet_management_system/environment/ament_prefix_path.sh
[0.724s] -- Installing: /home/daniiarr/ros2_ws/install/fleet_management_system/share/fleet_management_system/environment/ament_prefix_path.dsv
[0.724s] -- Installing: /home/daniiarr/ros2_ws/install/fleet_management_system/share/fleet_management_system/environment/path.sh
[0.724s] -- Installing: /home/daniiarr/ros2_ws/install/fleet_management_system/share/fleet_management_system/environment/path.dsv
[0.724s] -- Installing: /home/daniiarr/ros2_ws/install/fleet_management_system/share/fleet_management_system/local_setup.bash
[0.724s] -- Installing: /home/daniiarr/ros2_ws/install/fleet_management_system/share/fleet_management_system/local_setup.sh
[0.724s] -- Installing: /home/daniiarr/ros2_ws/install/fleet_management_system/share/fleet_management_system/local_setup.zsh
[0.724s] -- Installing: /home/daniiarr/ros2_ws/install/fleet_management_system/share/fleet_management_system/local_setup.dsv
[0.725s] -- Installing: /home/daniiarr/ros2_ws/install/fleet_management_system/share/fleet_management_system/package.dsv
[0.725s] -- Installing: /home/daniiarr/ros2_ws/install/fleet_management_system/share/ament_index/resource_index/packages/fleet_management_system
[0.725s] -- Installing: /home/daniiarr/ros2_ws/install/fleet_management_system/share/fleet_management_system/cmake/fleet_management_systemConfig.cmake
[0.725s] -- Installing: /home/daniiarr/ros2_ws/install/fleet_management_system/share/fleet_management_system/cmake/fleet_management_systemConfig-version.cmake
[0.726s] -- Installing: /home/daniiarr/ros2_ws/install/fleet_management_system/share/fleet_management_system/package.xml
[0.727s] Invoked command in '/home/daniiarr/ros2_ws/build/fleet_management_system' returned '0': CMAKE_PREFIX_PATH=/opt/ros/foxy /usr/bin/cmake --install /home/daniiarr/ros2_ws/build/fleet_management_system
