[0.010s] Invoking command in '/home/daniiarr/ros2_ws/build/fleet_management_system': CMAKE_PREFIX_PATH=${CMAKE_PREFIX_PATH}:/opt/ros/foxy /usr/bin/cmake --build /home/daniiarr/ros2_ws/build/fleet_management_system -- -j4 -l4
[0.031s] -- Found ament_cmake: 0.9.12 (/opt/ros/foxy/share/ament_cmake/cmake)
[0.046s] -- Using PYTHON_EXECUTABLE: /usr/bin/python3
[0.155s] -- Found ament_lint_auto: 0.9.8 (/opt/ros/foxy/share/ament_lint_auto/cmake)
[0.193s] -- Found rosidl_default_generators: 1.0.1 (/opt/ros/foxy/share/rosidl_default_generators/cmake)
[0.199s] -- Using all available rosidl_typesupport_c: rosidl_typesupport_fastrtps_c;rosidl_typesupport_introspection_c
[0.209s] -- Found rosidl_adapter: 1.3.1 (/opt/ros/foxy/share/rosidl_adapter/cmake)
[0.304s] -- Found OpenSSL: /usr/lib/aarch64-linux-gnu/libcrypto.so (found version "1.1.1f")  
[0.324s] -- Found FastRTPS: /opt/ros/foxy/include  
[0.388s] -- Using all available rosidl_typesupport_cpp: rosidl_typesupport_fastrtps_cpp;rosidl_typesupport_introspection_cpp
[0.412s] CMake Error at /opt/ros/foxy/share/rosidl_cmake/cmake/rosidl_generate_interfaces.cmake:93 (message):
[0.412s]   rosidl_generate_interfaces() the passed file
[0.412s]   'action/FleetManagement.action' doesn't exist relative to the
[0.412s]   CMAKE_CURRENT_SOURCE_DIR
[0.412s]   '/home/daniiarr/ros2_ws/src/fleet_management_system'
[0.412s] Call Stack (most recent call first):
[0.412s]   CMakeLists.txt:37 (rosidl_generate_interfaces)
[0.412s] 
[0.412s] 
[0.412s] -- Configuring incomplete, errors occurred!
[0.412s] See also "/home/daniiarr/ros2_ws/build/fleet_management_system/CMakeFiles/CMakeOutput.log".
[0.415s] make: *** [Makefile:222: cmake_check_build_system] Error 1
[0.417s] Invoked command in '/home/daniiarr/ros2_ws/build/fleet_management_system' returned '2': CMAKE_PREFIX_PATH=${CMAKE_PREFIX_PATH}:/opt/ros/foxy /usr/bin/cmake --build /home/daniiarr/ros2_ws/build/fleet_management_system -- -j4 -l4
