[  3%] Built target fleet_management_system__cpp
[ 12%] Built target fleet_management_system__rosidl_generator_c
[ 32%] Built target fleet_management_system__rosidl_typesupport_cpp
[ 32%] Built target fleet_management_system__rosidl_typesupport_introspection_cpp
[ 41%] Built target fleet_management_system__rosidl_typesupport_fastrtps_cpp
[ 51%] Built target fleet_management_system__rosidl_typesupport_c
[ 61%] Built target fleet_management_system__rosidl_typesupport_introspection_c
[ 70%] Built target fleet_management_system__rosidl_typesupport_fastrtps_c
[ 70%] Built target fleet_management_system
[ 74%] Built target fleet_management_system__py
[ 80%] Built target fleet_management_system__python
[100%] Built target fleet_management_system__rosidl_typesupport_fastrtps_c__pyext
[100%] Built target fleet_management_system__rosidl_typesupport_introspection_c__pyext
[100%] Built target fleet_management_system__rosidl_typesupport_c__pyext
-- Install configuration: ""
-- Up-to-date: /home/daniiarr/ros2_ws/install/fleet_management_system/share/ament_index/resource_index/rosidl_interfaces/fleet_management_system
-- Up-to-date: /home/daniiarr/ros2_ws/install/fleet_management_system/include/fleet_management_system
-- Up-to-date: /home/daniiarr/ros2_ws/install/fleet_management_system/include/fleet_management_system/action
-- Up-to-date: /home/daniiarr/ros2_ws/install/fleet_management_system/include/fleet_management_system/action/fleet_management.h
-- Up-to-date: /home/daniiarr/ros2_ws/install/fleet_management_system/include/fleet_management_system/action/detail
-- Up-to-date: /home/daniiarr/ros2_ws/install/fleet_management_system/include/fleet_management_system/action/detail/fleet_management__type_support.h
-- Up-to-date: /home/daniiarr/ros2_ws/install/fleet_management_system/include/fleet_management_system/action/detail/fleet_management__struct.h
-- Up-to-date: /home/daniiarr/ros2_ws/install/fleet_management_system/include/fleet_management_system/action/detail/fleet_management__functions.c
-- Up-to-date: /home/daniiarr/ros2_ws/install/fleet_management_system/include/fleet_management_system/action/detail/fleet_management__functions.h
-- Up-to-date: /home/daniiarr/ros2_ws/install/fleet_management_system/include/fleet_management_system/msg
-- Up-to-date: /home/daniiarr/ros2_ws/install/fleet_management_system/include/fleet_management_system/msg/rosidl_generator_c__visibility_control.h
-- Up-to-date: /home/daniiarr/ros2_ws/install/fleet_management_system/share/fleet_management_system/environment/library_path.sh
-- Up-to-date: /home/daniiarr/ros2_ws/install/fleet_management_system/share/fleet_management_system/environment/library_path.dsv
-- Up-to-date: /home/daniiarr/ros2_ws/install/fleet_management_system/lib/libfleet_management_system__rosidl_generator_c.so
-- Up-to-date: /home/daniiarr/ros2_ws/install/fleet_management_system/include/fleet_management_system
-- Up-to-date: /home/daniiarr/ros2_ws/install/fleet_management_system/include/fleet_management_system/action
-- Up-to-date: /home/daniiarr/ros2_ws/install/fleet_management_system/include/fleet_management_system/action/detail
-- Up-to-date: /home/daniiarr/ros2_ws/install/fleet_management_system/include/fleet_management_system/action/detail/fleet_management__rosidl_typesupport_fastrtps_c.h
-- Up-to-date: /home/daniiarr/ros2_ws/install/fleet_management_system/include/fleet_management_system/msg
-- Up-to-date: /home/daniiarr/ros2_ws/install/fleet_management_system/include/fleet_management_system/msg/rosidl_typesupport_fastrtps_c__visibility_control.h
-- Up-to-date: /home/daniiarr/ros2_ws/install/fleet_management_system/lib/libfleet_management_system__rosidl_typesupport_fastrtps_c.so
-- Up-to-date: /home/daniiarr/ros2_ws/install/fleet_management_system/include/fleet_management_system
-- Up-to-date: /home/daniiarr/ros2_ws/install/fleet_management_system/include/fleet_management_system/action
-- Up-to-date: /home/daniiarr/ros2_ws/install/fleet_management_system/include/fleet_management_system/action/detail
-- Up-to-date: /home/daniiarr/ros2_ws/install/fleet_management_system/include/fleet_management_system/action/detail/dds_fastrtps
-- Up-to-date: /home/daniiarr/ros2_ws/install/fleet_management_system/include/fleet_management_system/action/detail/fleet_management__rosidl_typesupport_fastrtps_cpp.hpp
-- Up-to-date: /home/daniiarr/ros2_ws/install/fleet_management_system/include/fleet_management_system/msg
-- Up-to-date: /home/daniiarr/ros2_ws/install/fleet_management_system/include/fleet_management_system/msg/rosidl_typesupport_fastrtps_cpp__visibility_control.h
-- Up-to-date: /home/daniiarr/ros2_ws/install/fleet_management_system/lib/libfleet_management_system__rosidl_typesupport_fastrtps_cpp.so
-- Up-to-date: /home/daniiarr/ros2_ws/install/fleet_management_system/include/fleet_management_system
-- Up-to-date: /home/daniiarr/ros2_ws/install/fleet_management_system/include/fleet_management_system/action
-- Up-to-date: /home/daniiarr/ros2_ws/install/fleet_management_system/include/fleet_management_system/action/detail
-- Up-to-date: /home/daniiarr/ros2_ws/install/fleet_management_system/include/fleet_management_system/action/detail/fleet_management__rosidl_typesupport_introspection_c.h
-- Up-to-date: /home/daniiarr/ros2_ws/install/fleet_management_system/include/fleet_management_system/action/detail/fleet_management__type_support.c
-- Up-to-date: /home/daniiarr/ros2_ws/install/fleet_management_system/include/fleet_management_system/msg
-- Up-to-date: /home/daniiarr/ros2_ws/install/fleet_management_system/include/fleet_management_system/msg/rosidl_typesupport_introspection_c__visibility_control.h
-- Up-to-date: /home/daniiarr/ros2_ws/install/fleet_management_system/lib/libfleet_management_system__rosidl_typesupport_introspection_c.so
-- Up-to-date: /home/daniiarr/ros2_ws/install/fleet_management_system/lib/libfleet_management_system__rosidl_typesupport_c.so
-- Up-to-date: /home/daniiarr/ros2_ws/install/fleet_management_system/include/fleet_management_system
-- Up-to-date: /home/daniiarr/ros2_ws/install/fleet_management_system/include/fleet_management_system/action
-- Up-to-date: /home/daniiarr/ros2_ws/install/fleet_management_system/include/fleet_management_system/action/detail
-- Up-to-date: /home/daniiarr/ros2_ws/install/fleet_management_system/include/fleet_management_system/action/detail/fleet_management__builder.hpp
-- Up-to-date: /home/daniiarr/ros2_ws/install/fleet_management_system/include/fleet_management_system/action/detail/fleet_management__type_support.hpp
-- Up-to-date: /home/daniiarr/ros2_ws/install/fleet_management_system/include/fleet_management_system/action/detail/fleet_management__traits.hpp
-- Up-to-date: /home/daniiarr/ros2_ws/install/fleet_management_system/include/fleet_management_system/action/detail/fleet_management__struct.hpp
-- Up-to-date: /home/daniiarr/ros2_ws/install/fleet_management_system/include/fleet_management_system/action/fleet_management.hpp
-- Up-to-date: /home/daniiarr/ros2_ws/install/fleet_management_system/include/fleet_management_system/msg
-- Up-to-date: /home/daniiarr/ros2_ws/install/fleet_management_system/include/fleet_management_system/msg/rosidl_generator_cpp__visibility_control.hpp
-- Up-to-date: /home/daniiarr/ros2_ws/install/fleet_management_system/include/fleet_management_system
-- Up-to-date: /home/daniiarr/ros2_ws/install/fleet_management_system/include/fleet_management_system/action
-- Up-to-date: /home/daniiarr/ros2_ws/install/fleet_management_system/include/fleet_management_system/action/detail
-- Up-to-date: /home/daniiarr/ros2_ws/install/fleet_management_system/include/fleet_management_system/action/detail/fleet_management__type_support.cpp
-- Up-to-date: /home/daniiarr/ros2_ws/install/fleet_management_system/include/fleet_management_system/action/detail/fleet_management__rosidl_typesupport_introspection_cpp.hpp
-- Up-to-date: /home/daniiarr/ros2_ws/install/fleet_management_system/lib/libfleet_management_system__rosidl_typesupport_introspection_cpp.so
-- Up-to-date: /home/daniiarr/ros2_ws/install/fleet_management_system/lib/libfleet_management_system__rosidl_typesupport_cpp.so
-- Up-to-date: /home/daniiarr/ros2_ws/install/fleet_management_system/share/fleet_management_system/environment/pythonpath.sh
-- Up-to-date: /home/daniiarr/ros2_ws/install/fleet_management_system/share/fleet_management_system/environment/pythonpath.dsv
-- Up-to-date: /home/daniiarr/ros2_ws/install/fleet_management_system/lib/python3.8/site-packages/fleet_management_system/__init__.py
-- Up-to-date: /home/daniiarr/ros2_ws/install/fleet_management_system/lib/python3.8/site-packages/fleet_management_system/action
-- Up-to-date: /home/daniiarr/ros2_ws/install/fleet_management_system/lib/python3.8/site-packages/fleet_management_system/action/_fleet_management.py
-- Up-to-date: /home/daniiarr/ros2_ws/install/fleet_management_system/lib/python3.8/site-packages/fleet_management_system/action/__init__.py
-- Up-to-date: /home/daniiarr/ros2_ws/install/fleet_management_system/lib/python3.8/site-packages/fleet_management_system/action/_fleet_management_s.c
-- Up-to-date: /home/daniiarr/ros2_ws/install/fleet_management_system/lib/python3.8/site-packages/fleet_management_system/fleet_management_system_s__rosidl_typesupport_fastrtps_c.cpython-38-aarch64-linux-gnu.so
-- Up-to-date: /home/daniiarr/ros2_ws/install/fleet_management_system/lib/python3.8/site-packages/fleet_management_system/fleet_management_system_s__rosidl_typesupport_introspection_c.cpython-38-aarch64-linux-gnu.so
-- Up-to-date: /home/daniiarr/ros2_ws/install/fleet_management_system/lib/python3.8/site-packages/fleet_management_system/fleet_management_system_s__rosidl_typesupport_c.cpython-38-aarch64-linux-gnu.so
-- Up-to-date: /home/daniiarr/ros2_ws/install/fleet_management_system/lib/libfleet_management_system__python.so
-- Up-to-date: /home/daniiarr/ros2_ws/install/fleet_management_system/share/fleet_management_system/action/FleetManagement.idl
-- Up-to-date: /home/daniiarr/ros2_ws/install/fleet_management_system/share/fleet_management_system/action/FleetManagement.action
-- Up-to-date: /home/daniiarr/ros2_ws/install/fleet_management_system/share/ament_index/resource_index/package_run_dependencies/fleet_management_system
-- Up-to-date: /home/daniiarr/ros2_ws/install/fleet_management_system/share/ament_index/resource_index/parent_prefix_path/fleet_management_system
-- Up-to-date: /home/daniiarr/ros2_ws/install/fleet_management_system/share/fleet_management_system/environment/ament_prefix_path.sh
-- Up-to-date: /home/daniiarr/ros2_ws/install/fleet_management_system/share/fleet_management_system/environment/ament_prefix_path.dsv
-- Up-to-date: /home/daniiarr/ros2_ws/install/fleet_management_system/share/fleet_management_system/environment/path.sh
-- Up-to-date: /home/daniiarr/ros2_ws/install/fleet_management_system/share/fleet_management_system/environment/path.dsv
-- Up-to-date: /home/daniiarr/ros2_ws/install/fleet_management_system/share/fleet_management_system/local_setup.bash
-- Up-to-date: /home/daniiarr/ros2_ws/install/fleet_management_system/share/fleet_management_system/local_setup.sh
-- Up-to-date: /home/daniiarr/ros2_ws/install/fleet_management_system/share/fleet_management_system/local_setup.zsh
-- Up-to-date: /home/daniiarr/ros2_ws/install/fleet_management_system/share/fleet_management_system/local_setup.dsv
-- Installing: /home/daniiarr/ros2_ws/install/fleet_management_system/share/fleet_management_system/package.dsv
-- Up-to-date: /home/daniiarr/ros2_ws/install/fleet_management_system/share/ament_index/resource_index/packages/fleet_management_system
-- Up-to-date: /home/daniiarr/ros2_ws/install/fleet_management_system/share/fleet_management_system/cmake/fleet_management_system__rosidl_generator_cExport.cmake
-- Up-to-date: /home/daniiarr/ros2_ws/install/fleet_management_system/share/fleet_management_system/cmake/fleet_management_system__rosidl_generator_cExport-noconfig.cmake
-- Up-to-date: /home/daniiarr/ros2_ws/install/fleet_management_system/share/fleet_management_system/cmake/fleet_management_system__rosidl_typesupport_introspection_cExport.cmake
-- Up-to-date: /home/daniiarr/ros2_ws/install/fleet_management_system/share/fleet_management_system/cmake/fleet_management_system__rosidl_typesupport_introspection_cExport-noconfig.cmake
-- Up-to-date: /home/daniiarr/ros2_ws/install/fleet_management_system/share/fleet_management_system/cmake/fleet_management_system__rosidl_typesupport_cExport.cmake
-- Up-to-date: /home/daniiarr/ros2_ws/install/fleet_management_system/share/fleet_management_system/cmake/fleet_management_system__rosidl_typesupport_cExport-noconfig.cmake
-- Up-to-date: /home/daniiarr/ros2_ws/install/fleet_management_system/share/fleet_management_system/cmake/fleet_management_system__rosidl_generator_cppExport.cmake
-- Up-to-date: /home/daniiarr/ros2_ws/install/fleet_management_system/share/fleet_management_system/cmake/fleet_management_system__rosidl_typesupport_introspection_cppExport.cmake
-- Up-to-date: /home/daniiarr/ros2_ws/install/fleet_management_system/share/fleet_management_system/cmake/fleet_management_system__rosidl_typesupport_introspection_cppExport-noconfig.cmake
-- Up-to-date: /home/daniiarr/ros2_ws/install/fleet_management_system/share/fleet_management_system/cmake/fleet_management_system__rosidl_typesupport_cppExport.cmake
-- Up-to-date: /home/daniiarr/ros2_ws/install/fleet_management_system/share/fleet_management_system/cmake/fleet_management_system__rosidl_typesupport_cppExport-noconfig.cmake
-- Up-to-date: /home/daniiarr/ros2_ws/install/fleet_management_system/share/fleet_management_system/cmake/rosidl_cmake-extras.cmake
-- Up-to-date: /home/daniiarr/ros2_ws/install/fleet_management_system/share/fleet_management_system/cmake/ament_cmake_export_dependencies-extras.cmake
-- Up-to-date: /home/daniiarr/ros2_ws/install/fleet_management_system/share/fleet_management_system/cmake/ament_cmake_export_libraries-extras.cmake
-- Up-to-date: /home/daniiarr/ros2_ws/install/fleet_management_system/share/fleet_management_system/cmake/ament_cmake_export_targets-extras.cmake
-- Up-to-date: /home/daniiarr/ros2_ws/install/fleet_management_system/share/fleet_management_system/cmake/ament_cmake_export_include_directories-extras.cmake
-- Up-to-date: /home/daniiarr/ros2_ws/install/fleet_management_system/share/fleet_management_system/cmake/rosidl_cmake_export_typesupport_libraries-extras.cmake
-- Up-to-date: /home/daniiarr/ros2_ws/install/fleet_management_system/share/fleet_management_system/cmake/rosidl_cmake_export_typesupport_targets-extras.cmake
-- Up-to-date: /home/daniiarr/ros2_ws/install/fleet_management_system/share/fleet_management_system/cmake/fleet_management_systemConfig.cmake
-- Up-to-date: /home/daniiarr/ros2_ws/install/fleet_management_system/share/fleet_management_system/cmake/fleet_management_systemConfig-version.cmake
-- Up-to-date: /home/daniiarr/ros2_ws/install/fleet_management_system/share/fleet_management_system/package.xml
